# JRE version: Java(TM) SE Runtime Environment (21.0+35) (build 21+35-LTS-2513)
# Java VM: Java HotSpot(TM) 64-Bit Server VM (21+35-LTS-2513, mixed mode, emulated-client, sharing, tiered, compressed oops, compressed class ptrs, g1 gc, windows-amd64)
GC Precious Log:
 CardTable entry size: 512
 Card Set container configuration: InlinePtr #cards 4 size 8 Array Of Cards #cards 16 size 48 Howl #buckets 8 coarsen threshold 3686 Howl Bitmap #cards 512 size 80 coarsen threshold 460 Card regions per heap region 1 cards per card region 4096
 CPUs: 8 total, 8 available
 Memory: 16205M
 Large Page Support: Disabled
 NUMA Support: Disabled
 Compressed Oops: Enabled (Zero based)
 Heap Region Size: 2M
 Heap Min Capacity: 8M
 Heap Initial Capacity: 254M
 Heap Max Capacity: 4052M
 Pre-touch: Disabled
 Parallel Workers: 8
 Concurrent Workers: 2
 Concurrent Refinement Workers: 8
 Periodic GC: Disabled
Heap:
 garbage-first heap   total 81920K, used 39392K [0x0000000702c00000, 0x0000000800000000)
  region size 2048K, 12 young (24576K), 3 survivors (6144K)
 Metaspace       used 48221K, committed 48832K, reserved 1114112K
  class space    used 6892K, committed 7168K, reserved 1048576K
GC Heap History (16 events):
Event: 4.019 GC heap before
{Heap before GC invocations=0 (full 0):
 garbage-first heap   total 260096K, used 22528K [0x0000000702c00000, 0x0000000800000000)
  region size 2048K, 11 young (22528K), 0 survivors (0K)
 Metaspace       used 6824K, committed 7040K, reserved 1114112K
  class space    used 803K, committed 896K, reserved 1048576K
}
Event: 4.044 GC heap after
{Heap after GC invocations=1 (full 0):
 garbage-first heap   total 260096K, used 7278K [0x0000000702c00000, 0x0000000800000000)
  region size 2048K, 2 young (4096K), 2 survivors (4096K)
 Metaspace       used 6824K, committed 7040K, reserved 1114112K
  class space    used 803K, committed 896K, reserved 1048576K
}
Event: 6.439 GC heap before
{Heap before GC invocations=1 (full 0):
 garbage-first heap   total 260096K, used 27758K [0x0000000702c00000, 0x0000000800000000)
  region size 2048K, 13 young (26624K), 2 survivors (4096K)
 Metaspace       used 12547K, committed 12928K, reserved 1114112K
  class space    used 1670K, committed 1856K, reserved 1048576K
}
Event: 6.459 GC heap after
{Heap after GC invocations=2 (full 0):
 garbage-first heap   total 260096K, used 9481K [0x0000000702c00000, 0x0000000800000000)
  region size 2048K, 1 young (2048K), 1 survivors (2048K)
 Metaspace       used 12547K, committed 12928K, reserved 1114112K
  class space    used 1670K, committed 1856K, reserved 1048576K
}
Event: 9.421 GC heap before
{Heap before GC invocations=2 (full 0):
 garbage-first heap   total 260096K, used 44297K [0x0000000702c00000, 0x0000000800000000)
  region size 2048K, 20 young (40960K), 1 survivors (2048K)
 Metaspace       used 20137K, committed 20480K, reserved 1114112K
  class space    used 2638K, committed 2816K, reserved 1048576K
}
Event: 9.447 GC heap after
{Heap after GC invocations=3 (full 0):
 garbage-first heap   total 260096K, used 13153K [0x0000000702c00000, 0x0000000800000000)
  region size 2048K, 3 young (6144K), 3 survivors (6144K)
 Metaspace       used 20137K, committed 20480K, reserved 1114112K
  class space    used 2638K, committed 2816K, reserved 1048576K
}
Event: 12.780 GC heap before
{Heap before GC invocations=4 (full 0):
 garbage-first heap   total 55296K, used 39777K [0x0000000702c00000, 0x0000000800000000)
  region size 2048K, 16 young (32768K), 3 survivors (6144K)
 Metaspace       used 22758K, committed 23104K, reserved 1114112K
  class space    used 3021K, committed 3200K, reserved 1048576K
}
Event: 12.819 GC heap after
{Heap after GC invocations=5 (full 0):
 garbage-first heap   total 55296K, used 15110K [0x0000000702c00000, 0x0000000800000000)
  region size 2048K, 2 young (4096K), 2 survivors (4096K)
 Metaspace       used 22758K, committed 23104K, reserved 1114112K
  class space    used 3021K, committed 3200K, reserved 1048576K
}
Event: 15.242 GC heap before
{Heap before GC invocations=5 (full 0):
 garbage-first heap   total 55296K, used 37638K [0x0000000702c00000, 0x0000000800000000)
  region size 2048K, 13 young (26624K), 2 survivors (4096K)
 Metaspace       used 26042K, committed 26496K, reserved 1114112K
  class space    used 3546K, committed 3776K, reserved 1048576K
}
Event: 15.278 GC heap after
{Heap after GC invocations=6 (full 0):
 garbage-first heap   total 55296K, used 17374K [0x0000000702c00000, 0x0000000800000000)
  region size 2048K, 2 young (4096K), 2 survivors (4096K)
 Metaspace       used 26042K, committed 26496K, reserved 1114112K
  class space    used 3546K, committed 3776K, reserved 1048576K
}
Event: 18.161 GC heap before
{Heap before GC invocations=6 (full 0):
 garbage-first heap   total 55296K, used 39902K [0x0000000702c00000, 0x0000000800000000)
  region size 2048K, 14 young (28672K), 2 survivors (4096K)
 Metaspace       used 29952K, committed 30528K, reserved 1114112K
  class space    used 4089K, committed 4352K, reserved 1048576K
}
Event: 18.226 GC heap after
{Heap after GC invocations=7 (full 0):
 garbage-first heap   total 55296K, used 19816K [0x0000000702c00000, 0x0000000800000000)
  region size 2048K, 2 young (4096K), 2 survivors (4096K)
 Metaspace       used 29952K, committed 30528K, reserved 1114112K
  class space    used 4089K, committed 4352K, reserved 1048576K
}
Event: 20.121 GC heap before
{Heap before GC invocations=7 (full 0):
 garbage-first heap   total 55296K, used 38248K [0x0000000702c00000, 0x0000000800000000)
  region size 2048K, 13 young (26624K), 2 survivors (4096K)
 Metaspace       used 33621K, committed 34176K, reserved 1114112K
  class space    used 4606K, committed 4864K, reserved 1048576K
}
Event: 20.137 GC heap after
{Heap after GC invocations=8 (full 0):
 garbage-first heap   total 157696K, used 20599K [0x0000000702c00000, 0x0000000800000000)
  region size 2048K, 2 young (4096K), 2 survivors (4096K)
 Metaspace       used 33621K, committed 34176K, reserved 1114112K
  class space    used 4606K, committed 4864K, reserved 1048576K
}
Event: 25.717 GC heap before
{Heap before GC invocations=9 (full 0):
 garbage-first heap   total 81920K, used 63607K [0x0000000702c00000, 0x0000000800000000)
  region size 2048K, 24 young (49152K), 2 survivors (4096K)
 Metaspace       used 43101K, committed 43776K, reserved 1114112K
  class space    used 6005K, committed 6272K, reserved 1048576K
}
Event: 25.737 GC heap after
{Heap after GC invocations=10 (full 0):
 garbage-first heap   total 81920K, used 23008K [0x0000000702c00000, 0x0000000800000000)
  region size 2048K, 3 young (6144K), 3 survivors (6144K)
 Metaspace       used 43101K, committed 43776K, reserved 1114112K
  class space    used 6005K, committed 6272K, reserved 1048576K
}

